*** Using Compiler 'V5.06 update 5 (build 528)', folder: 'D:\Programs\Keil5\ARM\ARMCC\Bin'
Build target 'FATFS'
compiling EasyTracered.c...
..\HARDWARE\EasyTracered\EasyTracered.c(349): warning:  #177-D: variable "j"  was declared but never referenced
  	uint16_t Xmin, Xmax, Ymin, Ymax, i, j, aa, FailCount = 0;
..\HARDWARE\EasyTracered\EasyTracered.c(349): warning:  #177-D: variable "aa"  was declared but never referenced
  	uint16_t Xmin, Xmax, Ymin, Ymax, i, j, aa, FailCount = 0;
..\HARDWARE\EasyTracered\EasyTracered.c(350): warning:  #177-D: variable "distance_X"  was declared but never referenced
  	uint16_t distance_X, dis_x, distance_Y, dis_y = 0;
..\HARDWARE\EasyTracered\EasyTracered.c(350): warning:  #177-D: variable "dis_x"  was declared but never referenced
  	uint16_t distance_X, dis_x, distance_Y, dis_y = 0;
..\HARDWARE\EasyTracered\EasyTracered.c(350): warning:  #177-D: variable "distance_Y"  was declared but never referenced
  	uint16_t distance_X, dis_x, distance_Y, dis_y = 0;
..\HARDWARE\EasyTracered\EasyTracered.c(350): warning:  #550-D: variable "dis_y"  was set but never used
  	uint16_t distance_X, dis_x, distance_Y, dis_y = 0;
..\HARDWARE\EasyTracered\EasyTracered.c: 6 warnings, 0 errors
linking...
Program Size: Code=43888 RO-data=17212 RW-data=1456 ZI-data=119440  
FromELF: creating hex file...
"..\OBJ\FATFS.axf" - 0 Error(s), 6 Warning(s).
Build Time Elapsed:  00:00:01
